============================= test session starts ==============================
platform linux -- Python 3.12.3, pytest-9.0.2, pluggy-1.6.0
rootdir: /mnt/k/backup/Develop/code-scalpel
configfile: pytest.ini
plugins: anyio-4.11.0, asyncio-1.3.0, timeout-2.4.0, langsmith-0.5.0, cov-7.0.0
asyncio: mode=Mode.AUTO, debug=False, asyncio_default_fixture_loop_scope=None, asyncio_default_test_loop_scope=function
timeout: 120.0s
timeout method: thread
timeout func_only: False
collected 6690 items

tests/agents/test_agents.py ............................................ [  0%]
........................................................................ [  1%]
....                                                                     [  1%]
tests/agents/test_agents_additional.py ......                            [  1%]
tests/agents/test_agents_comprehensive.py .............................. [  2%]
.......................................................                  [  3%]
tests/agents/test_autogen_scalpel_additional.py ...                      [  3%]
tests/agents/test_autogen_suggestions_extra.py ..                        [  3%]
tests/agents/test_base_agent_async.py .......                            [  3%]
tests/agents/test_base_agent_errors.py ....                              [  3%]
tests/agents/test_base_agent_extended.py ...                             [  3%]
tests/agents/test_base_agent_extra.py .....                              [  3%]
tests/agents/test_base_agent_success.py ..                               [  3%]
tests/agents/test_crewai_additional.py ........                          [  3%]
tests/agents/test_crewai_integration.py .......                          [  3%]
tests/agents/test_crewai_short.py ..                                     [  3%]
tests/agents/test_kafka_taint_tracker.py ............................... [  4%]
.................                                                        [  4%]
tests/autonomy/test_autonomy_audit.py ............................       [  4%]
tests/autonomy/test_autonomy_autogen.py ............F.F.F                [  5%]
tests/autonomy/test_autonomy_crewai.py sss......FF....                   [  5%]
tests/autonomy/test_autonomy_engine_integration.py .................     [  5%]
tests/autonomy/test_autonomy_langgraph.py .............                  [  5%]
tests/autonomy/test_change_budgeting.py ................................ [  6%]
.............                                                            [  6%]
tests/autonomy/test_crypto_verify.py ..................                  [  6%]
tests/autonomy/test_governance_config.py ................                [  7%]
tests/autonomy/test_governance_config_profile_precedence.py FFF          [  7%]
tests/autonomy/test_governance_config_profiles.py ssssss.s.............. [  7%]
s...                                                                     [  7%]
tests/autonomy/test_mutation_gate.py ............                        [  7%]
tests/autonomy/test_policy_engine.py ................................... [  8%]
...................                                                      [  8%]
tests/autonomy/test_policy_engine_dependencies.py .                      [  8%]
tests/autonomy/test_policy_engine_guardian.py ...                        [  8%]
tests/autonomy/test_policy_engine_lazy_imports.py .                      [  8%]
tests/autonomy/test_sandbox.py .................................s....... [  9%]
.                                                                        [  9%]
tests/autonomy/test_tamper_resistance.py ............................    [  9%]
tests/autonomy/test_uncovered_lines_final.py .........FFFFFF.....        [  9%]
tests/autonomy/test_unified_governance.py .............                  [ 10%]
tests/cli/test_cli.py .................................................. [ 10%]
....                                                                     [ 10%]
tests/cli/test_cli_additional.py ................                        [ 11%]
tests/cli/test_cli_extra.py ....                                         [ 11%]
tests/cli/test_cli_success_additional.py ...                             [ 11%]
tests/core/ast/test_ast_analyzer.py .................................... [ 11%]
..............                                                           [ 11%]
tests/core/ast/test_ast_builder_extra.py ....                            [ 12%]
tests/core/ast/test_ast_cache.py .....................                   [ 12%]
tests/core/ast/test_ast_tools_init.py ........................           [ 12%]
tests/core/ast/test_ast_tools_init_additional.py ..                      [ 12%]
tests/core/ast/test_ast_tools_init_coverage.py .........                 [ 12%]
tests/core/ast/test_ast_tools_init_extra.py ...                          [ 12%]
tests/core/cache/test_analysis_cache.py ..........                       [ 13%]
tests/core/cache/test_cache.py ...............FFFFF.F                    [ 13%]
tests/core/parsers/test_base_parser.py ..........                        [ 13%]
tests/core/parsers/test_dependency_parser.py ........................... [ 13%]
..................                                                       [ 14%]
tests/core/parsers/test_dependency_parser_maven_gradle.py .              [ 14%]
tests/core/parsers/test_framework_imports.py F                           [ 14%]
tests/core/parsers/test_framework_imports_flask.py F                     [ 14%]
tests/core/parsers/test_framework_sinks.py ................              [ 14%]
tests/core/parsers/test_frontend_input_tracker.py ...................... [ 14%]
.................................                                        [ 15%]
tests/core/parsers/test_graphql_schema_tracker.py ...................... [ 15%]
..............                                                           [ 15%]
tests/core/parsers/test_grpc_contract_analyzer.py ...................... [ 16%]
..............                                                           [ 16%]
tests/core/parsers/test_ir.py ..............................             [ 16%]
tests/core/parsers/test_ir_interpreter.py .............................. [ 17%]
........................................................................ [ 18%]
...............................                                          [ 18%]
tests/core/parsers/test_ir_normalizers_init_extra.py ..                  [ 18%]
tests/core/parsers/test_java_normalizer.py ................              [ 19%]
tests/core/parsers/test_java_security_sinks.py ............FF            [ 19%]
tests/core/parsers/test_javascript_normalizer.py ....................... [ 19%]
..........                                                               [ 19%]
tests/core/parsers/test_javascript_normalizer_helpers.py ..........      [ 19%]
tests/core/parsers/test_javascript_normalizer_stubbed.py ..              [ 19%]
tests/core/parsers/test_jsx_tsx_extraction.py ..........                 [ 20%]
tests/core/parsers/test_parallel_parser.py ...                           [ 20%]
tests/core/parsers/test_parser_factory.py ......                         [ 20%]
tests/core/parsers/test_polyglot_edge_cases.py ......................... [ 20%]
.                                                                        [ 20%]
tests/core/parsers/test_polyglot_extractor.py ....................       [ 20%]
tests/core/parsers/test_project_crawler.py ............................. [ 21%]
..                                                                       [ 21%]
tests/core/parsers/test_python_parser_additional.py ...                  [ 21%]
tests/core/parsers/test_schema_drift_detector.py ....................... [ 21%]
.                                                                        [ 21%]
tests/core/parsers/test_surgical_extractor.py .......................... [ 22%]
...............                                                          [ 22%]
tests/core/parsers/test_surgical_tools_coverage.py ..................... [ 22%]
...................................................                      [ 23%]
tests/core/parsers/test_typescript_parser_stub.py ....                   [ 23%]
tests/core/pdg/test_pdg_analyzer.py .................................... [ 24%]
...................                                                      [ 24%]
tests/core/pdg/test_pdg_audit.py ....................................... [ 24%]
.......................                                                  [ 25%]
tests/core/pdg/test_pdg_builder.py ..................................... [ 25%]
........................                                                 [ 26%]
tests/core/pdg/test_pdg_slicer.py ...................................... [ 26%]
......................                                                   [ 27%]
tests/core/pdg/test_pdg_transformer.py ..............                    [ 27%]
tests/core/pdg/test_pdg_utils.py ..................                      [ 27%]
tests/core/pdg/test_pdg_visualizer.py ......                             [ 27%]
tests/core/test_alias_resolver.py ......................                 [ 28%]
tests/core/test_architectural_rules.py ......................            [ 28%]
tests/core/test_code_analyzer.py .......................                 [ 28%]
tests/core/test_config_loader.py F.....FF.........                       [ 28%]
tests/core/test_decorator_analyzer.py .........................          [ 29%]
tests/core/test_import_resolver.py FFFFFFFFFFFFFFFFFFFFFFFFFFFFFFFFFFFFF [ 29%]
FFFFFFFF......FFFFFFFF                                                   [ 30%]
tests/core/test_import_resolver_dynamic_framework.py F                   [ 30%]
tests/core/test_incremental_analyzer.py ..                               [ 30%]
tests/core/test_pro_tier_features.py FFFFFFFFFFF..                       [ 30%]
tests/coverage/test_acceptance_criteria.py ..............                [ 30%]
tests/coverage/test_branch_coverage_95.py .............................. [ 31%]
....................                                                     [ 31%]
tests/coverage/test_compliance_reporter.py .................s........... [ 31%]
.                                                                        [ 31%]
tests/coverage/test_compliance_reporter_rendering.py ..                  [ 31%]
tests/coverage/test_contract_breach_detector.py ...................      [ 32%]
tests/coverage/test_coverage_95_batch2.py .....................FFF.F     [ 32%]
tests/coverage/test_coverage_95_final.py ..............................  [ 33%]
tests/coverage/test_coverage_95_target.py ...................FFFF....... [ 33%]
.                                                                        [ 33%]
tests/coverage/test_coverage_additional_gaps.py ...................      [ 33%]
tests/coverage/test_coverage_autonomy_gaps.py .....................F.... [ 34%]
...s.........                                                            [ 34%]
tests/coverage/test_coverage_boost.py ....                               [ 34%]
tests/coverage/test_coverage_branches_95.py ...........................  [ 34%]
tests/coverage/test_coverage_final_17.py ..........sF.......             [ 35%]
tests/coverage/test_coverage_final_33.py .............F................. [ 35%]
............                                                             [ 35%]
tests/coverage/test_coverage_final_95.py .......................FF....   [ 36%]
tests/coverage/test_coverage_final_95_push.py ...................        [ 36%]
tests/coverage/test_coverage_final_boost.py ..............               [ 36%]
tests/coverage/test_coverage_final_push.py .............F.........       [ 36%]
tests/coverage/test_coverage_hotspots.py FF....FF....                    [ 37%]
tests/coverage/test_coverage_last_push.py .........F..............F....F [ 37%]
.                                                                        [ 37%]
tests/coverage/test_coverage_perfect.py ...........................      [ 38%]
tests/coverage/test_coverage_push_95.py ..............FF...........      [ 38%]
tests/coverage/test_coverage_reach_95.py ...................             [ 38%]
tests/coverage/test_coverage_ultra_final.py .....sss..............       [ 39%]
tests/coverage/test_deep_coverage_95.py .................FFF........     [ 39%]
tests/coverage/test_final_95_push.py ..............F....F.               [ 39%]
tests/integration/test_dynamic_import_repro.py F                         [ 39%]
tests/integration/test_error_to_diff.py ...........................      [ 40%]
tests/integration/test_fix_loop.py ............                          [ 40%]
tests/integration/test_integration.py ..........................         [ 40%]
tests/integration/test_integration_end_to_end.py FF.F.............FFF.FF [ 41%]
FF....                                                                   [ 41%]
tests/integration/test_integrations.py ..........F.....F...............F [ 41%]
......                                                                   [ 41%]
tests/integration/test_integrations_wrappers.py ..F....                  [ 41%]
tests/integration/test_reproduction_inputs.py F                          [ 41%]
tests/integration/test_surgical_extractor_enhanced.py .................. [ 42%]
...............                                                          [ 42%]
tests/integration/test_surgical_patcher.py ............................  [ 42%]
tests/integration/test_tree_sitter_visitor.py .....                      [ 42%]
tests/integration/test_tree_sitter_visitor_helpers.py ...                [ 42%]
tests/integration/test_tsx_analyzer.py ...                               [ 42%]
tests/integration/test_update_symbol_tiers.py .......................... [ 43%]
.FF                                                                      [ 43%]
tests/integration/test_v151_integration.py FFFFFFFF....FFFFFFF.......... [ 43%]
..                                                                       [ 43%]
tests/licensing/test_crl_fetch_consumer_integration.py 