============================= test session starts ==============================
platform linux -- Python 3.10.19, pytest-9.0.2, pluggy-1.6.0 -- /home/xbyooki/anaconda3/envs/code-scalpel/bin/python3.10
cachedir: .pytest_cache
rootdir: /mnt/k/backup/Develop/code-scalpel
configfile: pytest.ini
plugins: langsmith-0.5.1, mock-3.15.1, timeout-2.4.0, asyncio-0.21.1, cov-7.0.0, anyio-4.12.1
timeout: 600.0s
timeout method: thread
timeout func_only: False
asyncio: mode=auto
collecting ... collected 401 items

tests/tools/tiers/test_analyze_code_tiers.py::TestAnalyzeCodeCommunityTier::test_capabilities_present PASSED [  0%]
tests/tools/tiers/test_analyze_code_tiers.py::TestAnalyzeCodeCommunityTier::test_python_parsing PASSED [  0%]
tests/tools/tiers/test_analyze_code_tiers.py::TestAnalyzeCodeCommunityTier::test_js_parsing PASSED [  0%]
tests/tools/tiers/test_analyze_code_tiers.py::TestAnalyzeCodeCommunityTier::test_ts_parsing PASSED [  0%]
tests/tools/tiers/test_analyze_code_tiers.py::TestAnalyzeCodeCommunityTier::test_java_parsing PASSED [  1%]
tests/tools/tiers/test_analyze_code_tiers.py::TestAnalyzeCodeCommunityTier::test_function_class_and_method_extraction PASSED [  1%]
tests/tools/tiers/test_analyze_code_tiers.py::TestAnalyzeCodeCommunityTier::test_docstrings_not_included PASSED [  1%]
tests/tools/tiers/test_analyze_code_tiers.py::TestAnalyzeCodeCommunityTier::test_path_limit_enforced PASSED [  1%]
tests/tools/tiers/test_analyze_code_tiers.py::TestAnalyzeCodeCommunityTier::test_unsupported_language_error PASSED [  2%]
tests/tools/tiers/test_analyze_code_tiers.py::TestAnalyzeCodeProTier::test_capabilities_present PASSED [  2%]
tests/tools/tiers/test_analyze_code_tiers.py::TestAnalyzeCodeProTier::test_python_advanced_metrics PASSED [  2%]
tests/tools/tiers/test_analyze_code_tiers.py::TestAnalyzeCodeProTier::test_framework_and_dead_code_detection PASSED [  2%]
tests/tools/tiers/test_analyze_code_tiers.py::TestAnalyzeCodeProTier::test_limit_enforced PASSED [  3%]
tests/tools/tiers/test_analyze_code_tiers.py::TestAnalyzeCodeEnterpriseTier::test_capabilities_present PASSED [  3%]
tests/tools/tiers/test_analyze_code_tiers.py::TestAnalyzeCodeEnterpriseTier::test_enterprise_enrichments PASSED [  3%]
tests/tools/tiers/test_analyze_code_tiers.py::TestAnalyzeCodeEnterpriseTier::test_enterprise_limit PASSED [  3%]
tests/tools/tiers/test_analyze_code_tiers.py::TestAnalyzeCodeCrossTierGating::test_pro_features_absent_in_community PASSED [  4%]
tests/tools/tiers/test_analyze_code_tiers.py::TestAnalyzeCodeCrossTierGating::test_enterprise_features_absent_in_pro PASSED [  4%]
tests/tools/tiers/test_analyze_code_tiers.py::TestAnalyzeCodeLanguageConsistency::test_languages_all_tiers[python-\nimport math\n\ndef foo(x):\n    return x + 1\n\nclass Bar:\n    def method(self, y):\n        return y * 2\n] PASSED [  4%]
tests/tools/tiers/test_analyze_code_tiers.py::TestAnalyzeCodeLanguageConsistency::test_languages_all_tiers[javascript-\nimport util from "./util.js";\nfunction foo(x) { return x + 1; }\nclass Bar { method(y) { return y * 2; } }\n] PASSED [  4%]
tests/tools/tiers/test_analyze_code_tiers.py::TestAnalyzeCodeLanguageConsistency::test_languages_all_tiers[typescript-\nimport { Util } from "./util";\nexport function foo(x: number): number { return x + 1; }\nexport class Bar { method(y: number): number { return y * 2; } }\n] PASSED [  5%]
tests/tools/tiers/test_analyze_code_tiers.py::TestAnalyzeCodeLanguageConsistency::test_languages_all_tiers[java-\nimport java.util.*;\npublic class Foo {\n    public int add(int x) { return x + 1; }\n}\n] PASSED [  5%]
tests/tools/tiers/test_analyze_code_tiers.py::TestAnalyzeCodeErrorHandling::test_unsupported_languages_listed PASSED [  5%]
tests/tools/tiers/test_analyze_code_tiers.py::TestAnalyzeCodeErrorHandling::test_graceful_rejection PASSED [  5%]
tests/tools/tiers/test_analyze_code_tiers.py::TestAnalyzeCodeConfigurationAlignment::test_limits_match_config_community PASSED [  6%]
tests/tools/tiers/test_analyze_code_tiers.py::TestAnalyzeCodeConfigurationAlignment::test_limits_match_config_pro PASSED [  6%]
tests/tools/tiers/test_analyze_code_tiers.py::TestAnalyzeCodeConfigurationAlignment::test_limits_match_config_enterprise PASSED [  6%]
tests/tools/tiers/test_code_policy_check_tiers.py::test_code_policy_check_community_file_limit PASSED [  6%]
tests/tools/tiers/test_code_policy_check_tiers.py::test_code_policy_check_pro_file_limit PASSED [  7%]
tests/tools/tiers/test_code_policy_check_tiers.py::test_code_policy_check_enterprise_unlimited PASSED [  7%]
tests/tools/tiers/test_code_policy_check_tiers.py::test_code_policy_check_community_rule_limit PASSED [  7%]
tests/tools/tiers/test_code_policy_check_tiers.py::test_code_policy_check_pro_rule_limit PASSED [  7%]
tests/tools/tiers/test_code_policy_check_tiers.py::test_code_policy_check_enterprise_rule_unlimited PASSED [  8%]
tests/tools/tiers/test_code_policy_check_tiers.py::test_code_policy_check_community_basic_compliance FAILED [  8%]
tests/tools/tiers/test_code_policy_check_tiers.py::test_code_policy_check_pro_compliance_frameworks FAILED [  8%]
tests/tools/tiers/test_code_policy_check_tiers.py::test_code_policy_check_enterprise_all_compliance FAILED [  8%]
tests/tools/tiers/test_crawl_project_tiers.py::test_crawl_project_community_multilanguage_and_limits SKIPPED [  9%]
tests/tools/tiers/test_crawl_project_tiers.py::test_crawl_project_pro_cache_hits SKIPPED [  9%]
tests/tools/tiers/test_crawl_project_tiers.py::test_crawl_project_enterprise_compliance_best_effort SKIPPED [  9%]
tests/tools/tiers/test_crawl_project_tiers.py::test_crawl_project_enterprise_custom_rules_config FAILED [  9%]
tests/tools/tiers/test_cross_file_security_scan_tiers.py::TestCrossFileSecurityScanCommunityTier::test_max_depth_3_enforced PASSED [ 10%]
tests/tools/tiers/test_cross_file_security_scan_tiers.py::TestCrossFileSecurityScanCommunityTier::test_max_modules_10_enforced PASSED [ 10%]
tests/tools/tiers/test_cross_file_security_scan_tiers.py::TestCrossFileSecurityScanCommunityTier::test_python_taint_tracking_enabled PASSED [ 10%]
tests/tools/tiers/test_cross_file_security_scan_tiers.py::TestCrossFileSecurityScanCommunityTier::test_mermaid_diagram_included PASSED [ 10%]
tests/tools/tiers/test_cross_file_security_scan_tiers.py::TestCrossFileSecurityScanCommunityTier::test_source_to_sink_tracing_bounded PASSED [ 11%]
tests/tools/tiers/test_cross_file_security_scan_tiers.py::TestCrossFileSecurityScanProTier::test_max_depth_10_applied PASSED [ 11%]
tests/tools/tiers/test_cross_file_security_scan_tiers.py::TestCrossFileSecurityScanProTier::test_max_modules_100_applied PASSED [ 11%]
tests/tools/tiers/test_cross_file_security_scan_tiers.py::TestCrossFileSecurityScanProTier::test_enhanced_taint_tracking_with_di_hints PASSED [ 11%]
tests/tools/tiers/test_cross_file_security_scan_tiers.py::TestCrossFileSecurityScanProTier::test_confidence_scores_present_pro PASSED [ 12%]
tests/tools/tiers/test_cross_file_security_scan_tiers.py::TestCrossFileSecurityScanProTier::test_framework_contexts_included_pro PASSED [ 12%]
tests/tools/tiers/test_cross_file_security_scan_tiers.py::TestCrossFileSecurityScanEnterpriseTier::test_max_depth_unlimited PASSED [ 12%]
tests/tools/tiers/test_cross_file_security_scan_tiers.py::TestCrossFileSecurityScanEnterpriseTier::test_max_modules_unlimited PASSED [ 12%]
tests/tools/tiers/test_cross_file_security_scan_tiers.py::TestCrossFileSecurityScanEnterpriseTier::test_repository_wide_scan_enabled PASSED [ 13%]
tests/tools/tiers/test_cross_file_security_scan_tiers.py::TestCrossFileSecurityScanEnterpriseTier::test_global_flow_hints_present PASSED [ 13%]
tests/tools/tiers/test_cross_file_security_scan_tiers.py::TestCrossFileSecurityScanEnterpriseTier::test_microservice_boundary_hints_present PASSED [ 13%]
tests/tools/tiers/test_cross_file_security_scan_tiers.py::TestCrossFileSecurityScanEnterpriseTier::test_distributed_trace_view_present PASSED [ 13%]
tests/tools/tiers/test_cross_file_security_scan_tiers.py::TestCrossFileSecurityScanEnterpriseTier::test_enterprise_features_enabled_flag PASSED [ 14%]
tests/tools/tiers/test_cross_file_security_scan_tiers.py::TestCrossFileSecurityScanCrossTierComparison::test_community_vs_pro_depth_limit PASSED [ 14%]
tests/tools/tiers/test_cross_file_security_scan_tiers.py::TestCrossFileSecurityScanCrossTierComparison::test_community_no_confidence_scores_pro_has PASSED [ 14%]
tests/tools/tiers/test_cross_file_security_scan_tiers.py::TestCrossFileSecurityScanCrossTierComparison::test_enterprise_exceeds_pro_capabilities PASSED [ 14%]
tests/tools/tiers/test_cross_file_security_scan_tiers.py::TestCrossFileSecurityScanEdgeCases::test_empty_project PASSED [ 15%]
tests/tools/tiers/test_cross_file_security_scan_tiers.py::TestCrossFileSecurityScanEdgeCases::test_benign_project_no_false_positives PASSED [ 15%]
tests/tools/tiers/test_cross_file_security_scan_tiers.py::TestCrossFileSecurityScanEdgeCases::test_nonexistent_project_root PASSED [ 15%]
tests/tools/tiers/test_extract_code_tiers.py::test_extract_code_pro_clamps_depth_and_emits_confidence SKIPPED [ 15%]
tests/tools/tiers/test_generate_unit_tests_determinism.py::test_deterministic_output_multiple_runs FAILED [ 16%]
tests/tools/tiers/test_generate_unit_tests_determinism.py::test_stable_test_naming_no_random_elements FAILED [ 16%]
tests/tools/tiers/test_generate_unit_tests_determinism.py::test_consistent_test_ordering FAILED [ 16%]
tests/tools/tiers/test_generate_unit_tests_determinism.py::test_framework_output_format_reproducible PASSED [ 16%]
tests/tools/tiers/test_generate_unit_tests_determinism.py::test_parametrized_test_stability_pro_tier PASSED [ 17%]
tests/tools/tiers/test_generate_unit_tests_determinism.py::test_determinism_with_complex_control_flow PASSED [ 17%]
tests/tools/tiers/test_generate_unit_tests_determinism.py::test_consistency_across_frameworks PASSED [ 17%]
tests/tools/tiers/test_generate_unit_tests_determinism.py::test_determinism_with_boundary_values PASSED [ 17%]
tests/tools/tiers/test_generate_unit_tests_license_fallback.py::test_invalid_license_falls_back_to_community PASSED [ 18%]
tests/tools/tiers/test_generate_unit_tests_license_fallback.py::test_expired_license_falls_back_to_community PASSED [ 18%]
tests/tools/tiers/test_generate_unit_tests_license_fallback.py::test_missing_license_defaults_to_community PASSED [ 18%]
tests/tools/tiers/test_generate_unit_tests_license_fallback.py::test_pro_feature_rejected_without_valid_license PASSED [ 18%]
tests/tools/tiers/test_generate_unit_tests_license_fallback.py::test_enterprise_feature_rejected_without_valid_license PASSED [ 19%]
tests/tools/tiers/test_generate_unit_tests_license_fallback.py::test_license_fallback_preserves_community_features PASSED [ 19%]
tests/tools/tiers/test_generate_unit_tests_license_fallback.py::test_license_fallback_warning_message_when_feature_gated PASSED [ 19%]
tests/tools/tiers/test_generate_unit_tests_tiers.py::test_generate_unit_tests_community_limits_and_framework PASSED [ 19%]
tests/tools/tiers/test_generate_unit_tests_tiers.py::test_generate_unit_tests_pro_allows_data_driven_and_unittest PASSED [ 20%]
tests/tools/tiers/test_generate_unit_tests_tiers.py::test_generate_unit_tests_enterprise_allows_bug_repro PASSED [ 20%]
tests/tools/tiers/test_generate_unit_tests_tiers.py::test_generate_unit_tests_limits_toml_override PASSED [ 20%]
tests/tools/tiers/test_get_call_graph_tiers.py::TestOutputMetadataFields::test_basic_call_graph_includes_metadata PASSED [ 20%]
tests/tools/tiers/test_get_call_graph_tiers.py::TestOutputMetadataFields::test_metadata_reflects_actual_limits PASSED [ 21%]
tests/tools/tiers/test_get_call_graph_tiers.py::TestMetadataFieldTypes::test_call_graph_result_model_has_metadata_fields PASSED [ 21%]
tests/tools/tiers/test_get_call_graph_tiers.py::TestMetadataFieldTypes::test_metadata_fields_have_defaults PASSED [ 21%]
tests/tools/tiers/test_get_call_graph_tiers.py::TestMetadataFieldTypes::test_metadata_fields_can_be_set PASSED [ 21%]
tests/tools/tiers/test_get_call_graph_tiers.py::TestTierEnforcement::test_community_tier_depth_limit PASSED [ 22%]
tests/tools/tiers/test_get_call_graph_tiers.py::TestTierEnforcement::test_pro_tier_higher_limits FAILED [ 22%]
tests/tools/tiers/test_get_call_graph_tiers.py::TestTierEnforcement::test_enterprise_tier_unlimited FAILED [ 22%]
tests/tools/tiers/test_get_call_graph_tiers.py::TestCapabilityFlags::test_community_no_advanced_resolution PASSED [ 22%]
tests/tools/tiers/test_get_call_graph_tiers.py::TestCapabilityFlags::test_pro_has_advanced_resolution FAILED [ 23%]
tests/tools/tiers/test_get_call_graph_tiers.py::TestCapabilityFlags::test_enterprise_has_all_features FAILED [ 23%]
tests/tools/tiers/test_get_call_graph_tiers.py::TestTruncationMetadata::test_no_truncation_when_within_limits PASSED [ 23%]
tests/tools/tiers/test_get_call_graph_tiers.py::TestTruncationMetadata::test_truncation_fields_present PASSED [ 23%]
tests/tools/tiers/test_get_call_graph_tiers.py::TestTruncationMetadata::test_truncation_flag_set_when_exceeding_limits PASSED [ 24%]
tests/tools/tiers/test_get_call_graph_tiers.py::TestTruncationMetadata::test_pro_truncation_when_exceeding_max_nodes FAILED [ 24%]
tests/tools/tiers/test_get_call_graph_tiers.py::TestEntryPointDetection::test_pytest_entry_point_marked PASSED [ 24%]
tests/tools/tiers/test_get_call_graph_tiers.py::TestEntryPointDetection::test_js_entry_point_consistent_pro FAILED [ 24%]
tests/tools/tiers/test_get_call_graph_tiers.py::TestEntryPointDetection::test_ts_entry_point_consistent_enterprise FAILED [ 25%]
tests/tools/tiers/test_get_call_graph_tiers.py::TestEnterpriseMetrics::test_hot_nodes_field_exists PASSED [ 25%]
tests/tools/tiers/test_get_call_graph_tiers.py::TestEnterpriseMetrics::test_dead_code_candidates_field_exists PASSED [ 25%]
tests/tools/tiers/test_get_call_graph_tiers.py::TestProConfidenceAndMetrics::test_pro_confidence_scores_present FAILED [ 25%]
tests/tools/tiers/test_get_call_graph_tiers.py::TestProConfidenceAndMetrics::test_pro_polymorphism_resolution FAILED [ 26%]
tests/tools/tiers/test_get_call_graph_tiers.py::TestEnterpriseHotPathsAndDeadCode::test_enterprise_hot_nodes_and_dead_code FAILED [ 26%]
tests/tools/tiers/test_get_call_graph_tiers.py::TestProCallbacksAndClosures::test_pro_nested_function_resolution FAILED [ 26%]
tests/tools/tiers/test_get_call_graph_tiers.py::TestProCallbacksAndClosures::test_pro_method_chaining FAILED [ 26%]
tests/tools/tiers/test_get_call_graph_tiers.py::TestProMermaidAndMetrics::test_pro_edge_metrics_completeness FAILED [ 27%]
tests/tools/tiers/test_get_call_graph_tiers.py::TestProMermaidAndMetrics::test_pro_multiple_call_site_tracking FAILED [ 27%]
tests/tools/tiers/test_get_call_graph_tiers.py::TestEnterpriseAdvancedGraphAnalysis::test_enterprise_deep_call_graph FAILED [ 27%]
tests/tools/tiers/test_get_call_graph_tiers.py::TestEnterpriseAdvancedGraphAnalysis::test_enterprise_unlimited_nodes FAILED [ 27%]
tests/tools/tiers/test_get_call_graph_tiers.py::TestEnterpriseComplexGraphPatterns::test_enterprise_circular_dependency_detection FAILED [ 28%]
tests/tools/tiers/test_get_call_graph_tiers.py::TestEnterpriseComplexGraphPatterns::test_enterprise_entry_point_expansion FAILED [ 28%]
tests/tools/tiers/test_get_call_graph_tiers.py::TestEnterpriseMermaidAndVisualization::test_enterprise_mermaid_generation FAILED [ 28%]
tests/tools/tiers/test_get_call_graph_tiers.py::TestEnterpriseMermaidAndVisualization::test_enterprise_rich_metadata_export FAILED [ 28%]
tests/tools/tiers/test_get_cross_file_dependencies_tiers.py::TestGetCrossFileDependenciesCommunityTier::test_tier_gating_enforced FAILED [ 29%]
tests/tools/tiers/test_get_cross_file_dependencies_tiers.py::TestGetCrossFileDependenciesCommunityTier::test_direct_imports_only PASSED [ 29%]
tests/tools/tiers/test_get_cross_file_dependencies_tiers.py::TestGetCrossFileDependenciesCommunityTier::test_files_limited_to_50 PASSED [ 29%]
tests/tools/tiers/test_get_cross_file_dependencies_tiers.py::TestGetCrossFileDependenciesCommunityTier::test_confidence_decay_applied PASSED [ 29%]
tests/tools/tiers/test_get_cross_file_dependencies_tiers.py::TestGetCrossFileDependenciesProTier::test_depth_limit_5 PASSED [ 30%]
tests/tools/tiers/test_get_cross_file_dependencies_tiers.py::TestGetCrossFileDependenciesProTier::test_transitive_deps_analyzed PASSED [ 30%]
tests/tools/tiers/test_get_cross_file_dependencies_tiers.py::TestGetCrossFileDependenciesProTier::test_files_limited_to_500 PASSED [ 30%]
tests/tools/tiers/test_get_cross_file_dependencies_tiers.py::TestGetCrossFileDependenciesProTier::test_confidence_decay_deep PASSED [ 30%]
tests/tools/tiers/test_get_cross_file_dependencies_tiers.py::TestGetCrossFileDependenciesEnterpriseTier::test_unlimited_depth PASSED [ 31%]
tests/tools/tiers/test_get_cross_file_dependencies_tiers.py::TestGetCrossFileDependenciesEnterpriseTier::test_unlimited_files PASSED [ 31%]
tests/tools/tiers/test_get_cross_file_dependencies_tiers.py::TestGetCrossFileDependenciesEnterpriseTier::test_all_dependencies_traversed PASSED [ 31%]
tests/tools/tiers/test_get_cross_file_dependencies_tiers.py::TestGetCrossFileDependenciesEnterpriseTier::test_confidence_decay_deep_analysis PASSED [ 31%]
tests/tools/tiers/test_get_cross_file_dependencies_tiers.py::TestGetCrossFileDependenciesEnterpriseTier::test_circular_dependency_detection PASSED [ 32%]
tests/tools/tiers/test_get_cross_file_dependencies_tiers.py::TestGetCrossFileDependenciesAsyncInterface::test_async_interface_works PASSED [ 32%]
tests/tools/tiers/test_get_file_context_tiers.py::TestGetFileContextCommunityTier::test_tier_applied_is_community PASSED [ 32%]
tests/tools/tiers/test_get_file_context_tiers.py::TestGetFileContextCommunityTier::test_max_context_lines_applied_is_500 PASSED [ 32%]
tests/tools/tiers/test_get_file_context_tiers.py::TestGetFileContextCommunityTier::test_pro_features_enabled_is_false PASSED [ 33%]
tests/tools/tiers/test_get_file_context_tiers.py::TestGetFileContextCommunityTier::test_enterprise_features_enabled_is_false PASSED [ 33%]
tests/tools/tiers/test_get_file_context_tiers.py::TestGetFileContextCommunityTier::test_community_file_exceeds_500_lines_fails PASSED [ 33%]
tests/tools/tiers/test_get_file_context_tiers.py::TestGetFileContextProTier::test_tier_applied_is_pro PASSED [ 33%]
tests/tools/tiers/test_get_file_context_tiers.py::TestGetFileContextProTier::test_max_context_lines_applied_is_2000 PASSED [ 34%]
tests/tools/tiers/test_get_file_context_tiers.py::TestGetFileContextProTier::test_pro_features_enabled_is_true PASSED [ 34%]
tests/tools/tiers/test_get_file_context_tiers.py::TestGetFileContextProTier::test_enterprise_features_enabled_is_false PASSED [ 34%]
tests/tools/tiers/test_get_file_context_tiers.py::TestGetFileContextProTier::test_pro_file_with_1500_lines_succeeds PASSED [ 34%]
tests/tools/tiers/test_get_file_context_tiers.py::TestGetFileContextProTier::test_pro_includes_imports_and_docstrings PASSED [ 35%]
tests/tools/tiers/test_get_file_context_tiers.py::TestGetFileContextEnterpriseTier::test_tier_applied_is_enterprise PASSED [ 35%]
tests/tools/tiers/test_get_file_context_tiers.py::TestGetFileContextEnterpriseTier::test_max_context_lines_applied_is_none PASSED [ 35%]
tests/tools/tiers/test_get_file_context_tiers.py::TestGetFileContextEnterpriseTier::test_pro_features_enabled_is_true PASSED [ 35%]
tests/tools/tiers/test_get_file_context_tiers.py::TestGetFileContextEnterpriseTier::test_enterprise_features_enabled_is_true PASSED [ 36%]
tests/tools/tiers/test_get_file_context_tiers.py::TestGetFileContextEnterpriseTier::test_enterprise_large_file_succeeds PASSED [ 36%]
tests/tools/tiers/test_get_file_context_tiers.py::TestGetFileContextEnterpriseTier::test_enterprise_pii_redaction_enabled PASSED [ 36%]
tests/tools/tiers/test_get_file_context_tiers.py::test_get_file_context_async_interface PASSED [ 36%]
tests/tools/tiers/test_get_graph_neighborhood_tiers.py::TestCommunityTierLimits::test_community_k_limit_enforced PASSED [ 37%]
tests/tools/tiers/test_get_graph_neighborhood_tiers.py::TestCommunityTierLimits::test_community_nodes_limit_enforced PASSED [ 37%]
tests/tools/tiers/test_get_graph_neighborhood_tiers.py::TestCommunityTierLimits::test_community_lacks_semantic_neighbors PASSED [ 37%]
tests/tools/tiers/test_get_graph_neighborhood_tiers.py::TestCommunityTierLimits::test_community_lacks_logical_relationships PASSED [ 37%]
tests/tools/tiers/test_get_graph_neighborhood_tiers.py::TestCommunityTierLimits::test_community_mermaid_generated PASSED [ 38%]
tests/tools/tiers/test_get_graph_neighborhood_tiers.py::TestCommunityTierLimits::test_community_basic_neighborhood_capability PASSED [ 38%]
tests/tools/tiers/test_get_graph_neighborhood_tiers.py::TestProTierCapabilities::test_pro_k_limit_extended PASSED [ 38%]
tests/tools/tiers/test_get_graph_neighborhood_tiers.py::TestProTierCapabilities::test_pro_nodes_limit_extended PASSED [ 38%]
tests/tools/tiers/test_get_graph_neighborhood_tiers.py::TestProTierCapabilities::test_pro_has_advanced_neighborhood_capability PASSED [ 39%]
tests/tools/tiers/test_get_graph_neighborhood_tiers.py::TestProTierCapabilities::test_pro_has_semantic_neighbors_capability PASSED [ 39%]
tests/tools/tiers/test_get_graph_neighborhood_tiers.py::TestProTierCapabilities::test_pro_has_logical_relationship_detection PASSED [ 39%]
tests/tools/tiers/test_get_graph_neighborhood_tiers.py::TestProTierCapabilities::test_pro_mermaid_with_metadata PASSED [ 39%]
tests/tools/tiers/test_get_graph_neighborhood_tiers.py::TestEnterpriseTierCapabilities::test_enterprise_unlimited_k PASSED [ 40%]
tests/tools/tiers/test_get_graph_neighborhood_tiers.py::TestEnterpriseTierCapabilities::test_enterprise_unlimited_nodes PASSED [ 40%]
tests/tools/tiers/test_get_graph_neighborhood_tiers.py::TestEnterpriseTierCapabilities::test_enterprise_has_all_pro_features PASSED [ 40%]
tests/tools/tiers/test_get_graph_neighborhood_tiers.py::TestEnterpriseTierCapabilities::test_enterprise_has_graph_query_language_capability PASSED [ 40%]
tests/tools/tiers/test_get_graph_neighborhood_tiers.py::TestEnterpriseTierCapabilities::test_enterprise_has_custom_traversal_rules PASSED [ 41%]
tests/tools/tiers/test_get_graph_neighborhood_tiers.py::TestEnterpriseTierCapabilities::test_enterprise_has_path_constraint_queries PASSED [ 41%]
tests/tools/tiers/test_get_graph_neighborhood_tiers.py::TestEnterpriseTierCapabilities::test_enterprise_hot_nodes_detection PASSED [ 41%]
tests/tools/tiers/test_get_graph_neighborhood_tiers.py::TestCrossTierComparison::test_community_vs_pro_k_limit_difference PASSED [ 41%]
tests/tools/tiers/test_get_graph_neighborhood_tiers.py::TestCrossTierComparison::test_community_truncation_at_20_nodes PASSED [ 42%]
tests/tools/tiers/test_get_graph_neighborhood_tiers.py::TestCapabilityGating::test_community_lacks_semantic_neighbors_explicitly PASSED [ 42%]
tests/tools/tiers/test_get_graph_neighborhood_tiers.py::TestCapabilityGating::test_community_lacks_logical_relationships_explicitly PASSED [ 42%]
tests/tools/tiers/test_get_graph_neighborhood_tiers.py::TestCapabilityGating::test_pro_lacks_graph_query_language PASSED [ 42%]
tests/tools/tiers/test_get_graph_neighborhood_tiers.py::TestCapabilityGating::test_pro_lacks_custom_traversal_rules_and_path_constraints PASSED [ 43%]
tests/tools/tiers/test_get_graph_neighborhood_tiers.py::TestDirectionFiltering::test_direction_filtering_community PASSED [ 43%]
tests/tools/tiers/test_get_graph_neighborhood_tiers.py::TestConfidenceThreshold::test_min_confidence_filtering PASSED [ 43%]
tests/tools/tiers/test_get_graph_neighborhood_tiers.py::TestMermaidGeneration::test_mermaid_generation_community PASSED [ 43%]
tests/tools/tiers/test_get_graph_neighborhood_tiers.py::TestMermaidGeneration::test_mermaid_generation_enterprise PASSED [ 44%]
tests/tools/tiers/test_get_graph_neighborhood_tiers.py::TestNodeDepthTracking::test_node_depths_populated PASSED [ 44%]
tests/tools/tiers/test_get_graph_neighborhood_tiers.py::TestEdgeMetadata::test_edge_type_and_confidence_populated PASSED [ 44%]
tests/tools/tiers/test_get_graph_neighborhood_tiers.py::TestTruncationProtection::test_truncation_warning_community PASSED [ 44%]
tests/tools/tiers/test_get_project_map_tiers.py::TestOutputMetadataFieldsCommunity::test_tier_applied_is_community PASSED [ 45%]
tests/tools/tiers/test_get_project_map_tiers.py::TestOutputMetadataFieldsCommunity::test_max_files_applied_is_100 PASSED [ 45%]
tests/tools/tiers/test_get_project_map_tiers.py::TestOutputMetadataFieldsCommunity::test_max_modules_applied_is_50 PASSED [ 45%]
tests/tools/tiers/test_get_project_map_tiers.py::TestOutputMetadataFieldsCommunity::test_pro_features_enabled_is_false PASSED [ 45%]
tests/tools/tiers/test_get_project_map_tiers.py::TestOutputMetadataFieldsCommunity::test_enterprise_features_enabled_is_false PASSED [ 46%]
tests/tools/tiers/test_get_project_map_tiers.py::TestOutputMetadataFieldsCommunity::test_all_metadata_fields_present PASSED [ 46%]
tests/tools/tiers/test_get_project_map_tiers.py::TestOutputMetadataFieldsPro::test_tier_applied_is_pro PASSED [ 46%]
tests/tools/tiers/test_get_project_map_tiers.py::TestOutputMetadataFieldsPro::test_max_files_applied_is_1000 PASSED [ 46%]
tests/tools/tiers/test_get_project_map_tiers.py::TestOutputMetadataFieldsPro::test_max_modules_applied_is_200 PASSED [ 47%]
tests/tools/tiers/test_get_project_map_tiers.py::TestOutputMetadataFieldsPro::test_pro_features_enabled_is_true PASSED [ 47%]
tests/tools/tiers/test_get_project_map_tiers.py::TestOutputMetadataFieldsPro::test_enterprise_features_enabled_is_false PASSED [ 47%]
tests/tools/tiers/test_get_project_map_tiers.py::TestOutputMetadataFieldsPro::test_all_metadata_fields_present PASSED [ 47%]
tests/tools/tiers/test_get_project_map_tiers.py::TestOutputMetadataFieldsEnterprise::test_tier_applied_is_enterprise PASSED [ 48%]
tests/tools/tiers/test_get_project_map_tiers.py::TestOutputMetadataFieldsEnterprise::test_max_files_applied_is_none PASSED [ 48%]
tests/tools/tiers/test_get_project_map_tiers.py::TestOutputMetadataFieldsEnterprise::test_max_modules_applied_is_1000 PASSED [ 48%]
tests/tools/tiers/test_get_project_map_tiers.py::TestOutputMetadataFieldsEnterprise::test_pro_features_enabled_is_true PASSED [ 48%]
tests/tools/tiers/test_get_project_map_tiers.py::TestOutputMetadataFieldsEnterprise::test_enterprise_features_enabled_is_true PASSED [ 49%]
tests/tools/tiers/test_get_project_map_tiers.py::TestOutputMetadataFieldsEnterprise::test_all_metadata_fields_present PASSED [ 49%]
tests/tools/tiers/test_get_project_map_tiers.py::TestOutputMetadataFieldsOnError::test_project_not_found_includes_metadata PASSED [ 49%]
tests/tools/tiers/test_get_project_map_tiers.py::TestOutputMetadataFieldsOnError::test_error_includes_pro_tier_metadata PASSED [ 49%]
tests/tools/tiers/test_get_project_map_tiers.py::TestOutputMetadataFieldsOnError::test_error_includes_enterprise_tier_metadata PASSED [ 50%]
tests/tools/tiers/test_get_project_map_tiers.py::TestOutputMetadataConsistency::test_metadata_consistent_across_calls PASSED [ 50%]
tests/tools/tiers/test_get_project_map_tiers.py::TestOutputMetadataConsistency::test_metadata_matches_capabilities PASSED [ 50%]
tests/tools/tiers/test_get_symbol_references_tiers.py::TestGetSymbolReferencesCommunityTier::test_tier_applied_is_community PASSED [ 50%]
tests/tools/tiers/test_get_symbol_references_tiers.py::TestGetSymbolReferencesCommunityTier::test_max_files_limit_applied PASSED [ 51%]
tests/tools/tiers/test_get_symbol_references_tiers.py::TestGetSymbolReferencesCommunityTier::test_max_references_limit_applied PASSED [ 51%]
tests/tools/tiers/test_get_symbol_references_tiers.py::TestGetSymbolReferencesCommunityTier::test_no_category_counts PASSED [ 51%]
tests/tools/tiers/test_get_symbol_references_tiers.py::TestGetSymbolReferencesCommunityTier::test_no_risk_metadata PASSED [ 51%]
tests/tools/tiers/test_get_symbol_references_tiers.py::TestGetSymbolReferencesProTier::test_tier_applied_is_pro PASSED [ 52%]
tests/tools/tiers/test_get_symbol_references_tiers.py::TestGetSymbolReferencesProTier::test_max_files_unlimited PASSED [ 52%]
tests/tools/tiers/test_get_symbol_references_tiers.py::TestGetSymbolReferencesProTier::test_max_references_unlimited PASSED [ 52%]
tests/tools/tiers/test_get_symbol_references_tiers.py::TestGetSymbolReferencesProTier::test_category_counts_populated PASSED [ 52%]
tests/tools/tiers/test_get_symbol_references_tiers.py::TestGetSymbolReferencesProTier::test_no_risk_metadata_pro PASSED [ 53%]
tests/tools/tiers/test_get_symbol_references_tiers.py::TestGetSymbolReferencesEnterpriseTier::test_tier_applied_is_enterprise PASSED [ 53%]
tests/tools/tiers/test_get_symbol_references_tiers.py::TestGetSymbolReferencesEnterpriseTier::test_max_files_unlimited_enterprise PASSED [ 53%]
tests/tools/tiers/test_get_symbol_references_tiers.py::TestGetSymbolReferencesEnterpriseTier::test_max_references_unlimited_enterprise PASSED [ 53%]
tests/tools/tiers/test_get_symbol_references_tiers.py::TestGetSymbolReferencesEnterpriseTier::test_category_counts_enterprise PASSED [ 54%]
tests/tools/tiers/test_get_symbol_references_tiers.py::TestGetSymbolReferencesEnterpriseTier::test_risk_metadata_populated PASSED [ 54%]
tests/tools/tiers/test_get_symbol_references_tiers.py::TestGetSymbolReferencesEnterpriseTier::test_codeowners_support PASSED [ 54%]
tests/tools/tiers/test_get_symbol_references_tiers.py::TestGetSymbolReferencesEnterpriseTier::test_references_have_owners PASSED [ 54%]
tests/tools/tiers/test_get_symbol_references_tiers.py::TestGetSymbolReferencesAsyncInterface::test_async_interface_works PASSED [ 55%]
tests/tools/tiers/test_rename_symbol_tiers.py::TestRenameSymbolCommunityTier::test_python_function_rename_capability PASSED [ 55%]
tests/tools/tiers/test_rename_symbol_tiers.py::TestRenameSymbolCommunityTier::test_python_class_rename_capability PASSED [ 55%]
tests/tools/tiers/test_rename_symbol_tiers.py::TestRenameSymbolCommunityTier::test_python_method_rename_capability PASSED [ 55%]
tests/tools/tiers/test_rename_symbol_tiers.py::TestRenameSymbolCommunityTier::test_automatic_reference_updates_same_file_capability PASSED [ 56%]
tests/tools/tiers/test_rename_symbol_tiers.py::TestRenameSymbolCommunityTier::test_syntax_validation_via_ast_capability PASSED [ 56%]
tests/tools/tiers/test_rename_symbol_tiers.py::TestRenameSymbolCommunityTier::test_python_identifier_validation_snake_case_capability PASSED [ 56%]
tests/tools/tiers/test_rename_symbol_tiers.py::TestRenameSymbolCommunityTier::test_community_no_cross_file_rename_limits PASSED [ 56%]
tests/tools/tiers/test_rename_symbol_tiers.py::TestRenameSymbolProTier::test_all_community_features_work_pro PASSED [ 57%]
tests/tools/tiers/test_rename_symbol_tiers.py::TestRenameSymbolProTier::test_cross_file_rename_propagation_capability PASSED [ 57%]
tests/tools/tiers/test_rename_symbol_tiers.py::TestRenameSymbolProTier::test_import_statement_updates_capability PASSED [ 57%]
tests/tools/tiers/test_rename_symbol_tiers.py::TestRenameSymbolProTier::test_cross_file_search_limits_pro PASSED [ 57%]
tests/tools/tiers/test_rename_symbol_tiers.py::TestRenameSymbolProTier::test_backup_and_rollback_support_pro PASSED [ 58%]
tests/tools/tiers/test_rename_symbol_tiers.py::TestRenameSymbolProTier::test_pro_has_advanced_features_community_lacks PASSED [ 58%]
tests/tools/tiers/test_rename_symbol_tiers.py::TestRenameSymbolEnterpriseTier::test_all_pro_features_work_enterprise PASSED [ 58%]
tests/tools/tiers/test_rename_symbol_tiers.py::TestRenameSymbolEnterpriseTier::test_organization_wide_rename_capability PASSED [ 58%]
tests/tools/tiers/test_rename_symbol_tiers.py::TestRenameSymbolEnterpriseTier::test_enterprise_unlimited_cross_file_limits PASSED [ 59%]
tests/tools/tiers/test_rename_symbol_tiers.py::TestRenameSymbolEnterpriseTier::test_enterprise_has_advanced_features_pro_lacks PASSED [ 59%]
tests/tools/tiers/test_rename_symbol_tiers.py::TestRenameSymbolCrossTierComparison::test_community_vs_pro_cross_file_limits PASSED [ 59%]
tests/tools/tiers/test_rename_symbol_tiers.py::TestRenameSymbolCrossTierComparison::test_pro_vs_enterprise_cross_file_limits PASSED [ 59%]
tests/tools/tiers/test_rename_symbol_tiers.py::TestRenameSymbolConsistency::test_backup_capability_across_all_tiers PASSED [ 60%]
tests/tools/tiers/test_rename_symbol_tiers.py::TestRenameSymbolConsistency::test_path_security_validation_across_all_tiers PASSED [ 60%]
tests/tools/tiers/test_rename_symbol_tiers.py::TestRenameSymbolConsistency::test_definition_rename_core_capability PASSED [ 60%]
tests/tools/tiers/test_scan_dependencies_tiers.py::TestScanDependenciesCommunityTier::test_max_50_dependencies_enforced PASSED [ 60%]
tests/tools/tiers/test_scan_dependencies_tiers.py::TestScanDependenciesCommunityTier::test_cve_detection_via_osv_enabled PASSED [ 61%]
tests/tools/tiers/test_scan_dependencies_tiers.py::TestScanDependenciesCommunityTier::test_severity_scoring_present PASSED [ 61%]
tests/tools/tiers/test_scan_dependencies_tiers.py::TestScanDependenciesCommunityTier::test_python_language_support PASSED [ 61%]
tests/tools/tiers/test_scan_dependencies_tiers.py::TestScanDependenciesCommunityTier::test_javascript_language_support PASSED [ 61%]
tests/tools/tiers/test_scan_dependencies_tiers.py::TestScanDependenciesCommunityTier::test_java_language_support PASSED [ 62%]
tests/tools/tiers/test_scan_dependencies_tiers.py::TestScanDependenciesCommunityTier::test_fixed_version_remediation PASSED [ 62%]
tests/tools/tiers/test_scan_dependencies_tiers.py::TestScanDependenciesProTier::test_unlimited_dependencies_scanned PASSED [ 62%]
tests/tools/tiers/test_scan_dependencies_tiers.py::TestScanDependenciesProTier::test_reachability_analysis_enabled 