<?xml version="1.0" encoding="utf-8"?><testsuites name="pytest tests"><testsuite name="pytest" errors="1" failures="0" skipped="0" tests="1" time="1.239" timestamp="2026-01-17T10:26:18.696672-05:00" hostname="EE-UFO-TIM"><testcase classname="" name="tests.mcp.test_mcp_all_tools_contract" time="0.000"><error message="collection failure">ImportError while importing test module '/mnt/k/backup/Develop/code-scalpel/tests/mcp/test_mcp_all_tools_contract.py'.
Hint: make sure your test modules/packages have valid Python names.
Traceback:
/home/xbyooki/anaconda3/envs/code-scalpel/lib/python3.10/importlib/__init__.py:126: in import_module
    return _bootstrap._gcd_import(name[level:], package, level)
tests/mcp/test_mcp_all_tools_contract.py:19: in &lt;module&gt;
    from mcp.client.streamable_http import streamable_http_client
E   ImportError: cannot import name 'streamable_http_client' from 'mcp.client.streamable_http' (/home/xbyooki/anaconda3/envs/code-scalpel/lib/python3.10/site-packages/mcp/client/streamable_http.py)</error></testcase></testsuite></testsuites>