<?xml version="1.0" encoding="utf-8"?><testsuites><testsuite name="pytest" errors="0" failures="0" skipped="0" tests="128" time="3.041" timestamp="2026-01-16T21:21:53.407829" hostname="EE-UFO-TIM"><testcase classname="tests.mcp.test_mcp.TestAnalyzeCodeTool" name="test_analyze_simple_function" time="0.053" /><testcase classname="tests.mcp.test_mcp.TestAnalyzeCodeTool" name="test_analyze_class" time="0.017" /><testcase classname="tests.mcp.test_mcp.TestAnalyzeCodeTool" name="test_analyze_imports" time="0.020" /><testcase classname="tests.mcp.test_mcp.TestAnalyzeCodeTool" name="test_analyze_complexity" time="0.018" /><testcase classname="tests.mcp.test_mcp.TestAnalyzeCodeTool" name="test_analyze_empty_code" time="0.020" /><testcase classname="tests.mcp.test_mcp.TestAnalyzeCodeTool" name="test_analyze_syntax_error" time="0.020" /><testcase classname="tests.mcp.test_mcp.TestAnalyzeCodeTool" name="test_analyze_async_function" time="0.019" /><testcase classname="tests.mcp.test_mcp.TestSecurityScanTool" name="test_scan_clean_code" time="0.022" /><testcase classname="tests.mcp.test_mcp.TestSecurityScanTool" name="test_scan_sql_injection" time="0.403" /><testcase classname="tests.mcp.test_mcp.TestSecurityScanTool" name="test_scan_command_injection" time="0.021" /><testcase classname="tests.mcp.test_mcp.TestSecurityScanTool" name="test_scan_eval_injection" time="0.021" /><testcase classname="tests.mcp.test_mcp.TestSecurityScanTool" name="test_scan_hardcoded_secret" time="0.018" /><testcase classname="tests.mcp.test_mcp.TestSecurityScanTool" name="test_scan_empty_code" time="0.017" /><testcase classname="tests.mcp.test_mcp.TestSecurityScanTool" name="test_scan_detects_taint_sources" time="0.018" /><testcase classname="tests.mcp.test_mcp.TestSecurityScanTool" name="test_scan_risk_levels" time="0.023" /><testcase classname="tests.mcp.test_mcp.TestSymbolicExecuteTool" name="test_symbolic_simple_function" time="0.013" /><testcase classname="tests.mcp.test_mcp.TestSymbolicExecuteTool" name="test_symbolic_branching" time="0.012" /><testcase classname="tests.mcp.test_mcp.TestSymbolicExecuteTool" name="test_symbolic_multiple_branches" time="0.019" /><testcase classname="tests.mcp.test_mcp.TestSymbolicExecuteTool" name="test_symbolic_detects_symbolic_vars" time="0.014" /><testcase classname="tests.mcp.test_mcp.TestSymbolicExecuteTool" name="test_symbolic_empty_code" time="0.011" /><testcase classname="tests.mcp.test_mcp.TestSymbolicExecuteTool" name="test_symbolic_max_paths" time="0.012" /><testcase classname="tests.mcp.test_mcp.TestSymbolicExecuteTool" name="test_symbolic_loop_handling" time="0.013" /><testcase classname="tests.mcp.test_mcp.TestMCPIntegration" name="test_all_tools_available" time="0.001" /><testcase classname="tests.mcp.test_mcp.TestMCPIntegration" name="test_result_models_are_valid" time="0.001" /><testcase classname="tests.mcp.test_mcp.TestMCPIntegration" name="test_code_validation" time="0.040" /><testcase classname="tests.mcp.test_mcp.TestMCPIntegration" name="test_large_code_rejection" time="0.019" /><testcase classname="tests.mcp.test_mcp.TestMCPIntegration" name="test_analysis_pipeline" time="0.048" /><testcase classname="tests.mcp.test_mcp.TestMCPIntegration" name="test_concurrent_analysis" time="0.017" /><testcase classname="tests.mcp.test_mcp.TestValidationHelpers" name="test_validate_code_empty" time="0.001" /><testcase classname="tests.mcp.test_mcp.TestValidationHelpers" name="test_validate_code_valid" time="0.001" /><testcase classname="tests.mcp.test_mcp.TestValidationHelpers" name="test_validate_code_non_string" time="0.001" /><testcase classname="tests.mcp.test_mcp.TestComplexityCalculation" name="test_complexity_linear" time="0.002" /><testcase classname="tests.mcp.test_mcp.TestComplexityCalculation" name="test_complexity_with_if" time="0.001" /><testcase classname="tests.mcp.test_mcp.TestComplexityCalculation" name="test_complexity_with_loop" time="0.001" /><testcase classname="tests.mcp.test_mcp.TestResultModels" name="test_analysis_result_serialization" time="0.001" /><testcase classname="tests.mcp.test_mcp.TestResultModels" name="test_security_result_serialization" time="0.001" /><testcase classname="tests.mcp.test_mcp.TestResultModels" name="test_symbolic_result_serialization" time="0.001" /><testcase classname="tests.mcp.test_mcp.TestExtractCodeTool" name="test_extract_function_basic" time="0.008" /><testcase classname="tests.mcp.test_mcp.TestExtractCodeTool" name="test_extract_function_with_context" time="0.009" /><testcase classname="tests.mcp.test_mcp.TestExtractCodeTool" name="test_extract_class_basic" time="0.009" /><testcase classname="tests.mcp.test_mcp.TestExtractCodeTool" name="test_extract_method" time="0.008" /><testcase classname="tests.mcp.test_mcp.TestExtractCodeTool" name="test_extract_method_invalid_format" time="0.002" /><testcase classname="tests.mcp.test_mcp.TestExtractCodeTool" name="test_extract_nonexistent_function" time="0.002" /><testcase classname="tests.mcp.test_mcp.TestExtractCodeTool" name="test_extract_unknown_target_type" time="0.002" /><testcase classname="tests.mcp.test_mcp.TestExtractCodeTool" name="test_extract_token_estimate" time="0.009" /><testcase classname="tests.mcp.test_mcp.TestExtractCodeTool" name="test_extract_class_with_context" time="0.008" /><testcase classname="tests.mcp.test_mcp.TestExtractCodeTool" name="test_extract_syntax_error" time="0.004" /><testcase classname="tests.mcp.test_mcp.TestExtractCodeTool" name="test_extract_no_input_error" time="0.002" /><testcase classname="tests.mcp.test_mcp.TestExtractCodeFromFile" name="test_extract_function_from_file" time="0.011" /><testcase classname="tests.mcp.test_mcp.TestExtractCodeFromFile" name="test_extract_class_from_file" time="0.011" /><testcase classname="tests.mcp.test_mcp.TestExtractCodeFromFile" name="test_extract_method_from_file" time="0.009" /><testcase classname="tests.mcp.test_mcp.TestExtractCodeFromFile" name="test_extract_with_context_from_file" time="0.010" /><testcase classname="tests.mcp.test_mcp.TestExtractCodeFromFile" name="test_extract_file_not_found" time="0.002" /><testcase classname="tests.mcp.test_mcp.TestExtractCodeFromFile" name="test_extract_function_not_found_in_file" time="0.003" /><testcase classname="tests.mcp.test_mcp.TestExtractCodeFromFile" name="test_token_savings_demonstration" time="0.009" /><testcase classname="tests.mcp.test_mcp.TestUpdateSymbolTool" name="test_update_function_in_file" time="0.015" /><testcase classname="tests.mcp.test_mcp.TestUpdateSymbolTool" name="test_update_class_in_file" time="0.015" /><testcase classname="tests.mcp.test_mcp.TestUpdateSymbolTool" name="test_update_method_in_file" time="0.015" /><testcase classname="tests.mcp.test_mcp.TestUpdateSymbolTool" name="test_update_file_not_found" time="0.009" /><testcase classname="tests.mcp.test_mcp.TestUpdateSymbolTool" name="test_update_function_not_found" time="0.010" /><testcase classname="tests.mcp.test_mcp.TestUpdateSymbolTool" name="test_update_invalid_syntax" time="0.009" /><testcase classname="tests.mcp.test_mcp.TestUpdateSymbolTool" name="test_update_invalid_target_type" time="0.008" /><testcase classname="tests.mcp.test_mcp.TestUpdateSymbolTool" name="test_update_method_invalid_format" time="0.009" /><testcase classname="tests.mcp.test_mcp.TestUpdateSymbolTool" name="test_update_no_backup" time="0.014" /><testcase classname="tests.mcp.test_mcp.TestUpdateSymbolTool" name="test_update_lines_delta" time="0.012" /><testcase classname="tests.mcp.test_mcp.TestUpdateSymbolTool" name="test_extract_modify_update_workflow" time="0.019" /><testcase classname="tests.mcp.test_mcp.TestCrossFileDependenciesMCP" name="test_cross_file_deps_resolves_class" time="0.011" /><testcase classname="tests.mcp.test_mcp.TestCrossFileDependenciesMCP" name="test_cross_file_deps_resolves_function" time="0.010" /><testcase classname="tests.mcp.test_mcp.TestCrossFileDependenciesMCP" name="test_cross_file_deps_full_code" time="0.011" /><testcase classname="tests.mcp.test_mcp.TestCrossFileDependenciesMCP" name="test_cross_file_deps_context_items" time="0.011" /><testcase classname="tests.mcp.test_mcp.TestCrossFileDependenciesMCP" name="test_cross_file_deps_no_deps" time="0.013" /><testcase classname="tests.mcp.test_mcp.TestCrossFileDependenciesMCP" name="test_cross_file_deps_requires_file_path" time="0.011" /><testcase classname="tests.mcp.test_mcp.TestCrossFileDependenciesMCP" name="test_cross_file_deps_token_savings" time="0.013" /><testcase classname="tests.mcp.test_mcp.TestGetFileContext" name="test_get_file_context_basic" time="0.019" /><testcase classname="tests.mcp.test_mcp.TestGetFileContext" name="test_get_file_context_security_issues" time="0.019" /><testcase classname="tests.mcp.test_mcp.TestGetFileContext" name="test_get_file_context_not_found" time="0.014" /><testcase classname="tests.mcp.test_mcp.TestGetFileContext" name="test_get_file_context_syntax_error" time="0.015" /><testcase classname="tests.mcp.test_mcp.TestGetFileContext" name="test_get_file_context_exports" time="0.015" /><testcase classname="tests.mcp.test_mcp.TestGetSymbolReferences" name="test_find_function_references" time="0.015" /><testcase classname="tests.mcp.test_mcp.TestGetSymbolReferences" name="test_find_class_references" time="0.015" /><testcase classname="tests.mcp.test_mcp.TestGetSymbolReferences" name="test_symbol_not_found" time="0.015" /><testcase classname="tests.mcp.test_mcp.TestGetSymbolReferences" name="test_invalid_project_root" time="0.016" /><testcase classname="tests.mcp.test_mcp.TestGetSymbolReferences" name="test_reference_context_included" time="0.017" /><testcase classname="tests.mcp.test_mcp.TestGetCrossFileDependencies" name="test_basic_cross_file_extraction" time="0.021" /><testcase classname="tests.mcp.test_mcp.TestGetCrossFileDependencies" name="test_combined_code_generation" time="0.020" /><testcase classname="tests.mcp.test_mcp.TestGetCrossFileDependencies" name="test_without_code_inclusion" time="0.015" /><testcase classname="tests.mcp.test_mcp.TestGetCrossFileDependencies" name="test_mermaid_diagram_generation" time="0.018" /><testcase classname="tests.mcp.test_mcp.TestGetCrossFileDependencies" name="test_file_not_found" time="0.008" /><testcase classname="tests.mcp.test_mcp.TestGetCrossFileDependencies" name="test_invalid_project_root" time="0.006" /><testcase classname="tests.mcp.test_mcp.TestGetCrossFileDependencies" name="test_circular_import_detection" time="0.020" /><testcase classname="tests.mcp.test_mcp.TestGetCrossFileDependencies" name="test_max_depth_limiting" time="0.023" /><testcase classname="tests.mcp.test_mcp.TestCrossFileSecurityScan" name="test_no_vulnerabilities" time="0.013" /><testcase classname="tests.mcp.test_mcp.TestCrossFileSecurityScan" name="test_cross_file_sql_injection" time="0.019" /><testcase classname="tests.mcp.test_mcp.TestCrossFileSecurityScan" name="test_taint_flow_detection" time="0.018" /><testcase classname="tests.mcp.test_mcp.TestCrossFileSecurityScan" name="test_mermaid_diagram_for_security" time="0.014" /><testcase classname="tests.mcp.test_mcp.TestCrossFileSecurityScan" name="test_invalid_project_root_security" time="0.007" /><testcase classname="tests.mcp.test_mcp.TestCrossFileSecurityScan" name="test_entry_points_filtering" time="0.015" /><testcase classname="tests.mcp.test_mcp.TestCrossFileSecurityScan" name="test_max_depth_for_security" time="0.015" /><testcase classname="tests.mcp.test_mcp.TestCrossFileSecurityScan" name="test_risk_level_calculation" time="0.013" /><testcase classname="tests.integration.test_update_symbol_tiers.TestSessionTracking" name="test_session_count_starts_at_zero" time="0.005" /><testcase classname="tests.integration.test_update_symbol_tiers.TestSessionTracking" name="test_increment_session_count" time="0.000" /><testcase classname="tests.integration.test_update_symbol_tiers.TestSessionTracking" name="test_separate_tool_counts" time="0.000" /><testcase classname="tests.integration.test_update_symbol_tiers.TestAuditTrail" name="test_add_audit_entry" time="0.001" /><testcase classname="tests.integration.test_update_symbol_tiers.TestAuditTrail" name="test_audit_trail_is_copy" time="0.000" /><testcase classname="tests.integration.test_update_symbol_tiers.TestComplianceCheck" name="test_compliance_detects_hardcoded_secrets" time="0.001" /><testcase classname="tests.integration.test_update_symbol_tiers.TestComplianceCheck" name="test_compliance_detects_eval" time="0.001" /><testcase classname="tests.integration.test_update_symbol_tiers.TestComplianceCheck" name="test_compliance_passes_clean_code" time="0.001" /><testcase classname="tests.integration.test_update_symbol_tiers.TestCodeReviewApproval" name="test_approval_for_sensitive_path" time="0.001" /><testcase classname="tests.integration.test_update_symbol_tiers.TestCodeReviewApproval" name="test_approval_for_normal_path" time="0.001" /><testcase classname="tests.integration.test_update_symbol_tiers.TestPrePostHooks" name="test_pre_hook_default_continues" time="0.001" /><testcase classname="tests.integration.test_update_symbol_tiers.TestPrePostHooks" name="test_post_hook_returns_warnings" time="0.001" /><testcase classname="tests.integration.test_update_symbol_tiers.TestPolyglotSupport" name="test_python_patcher_creation" time="0.000" /><testcase classname="tests.integration.test_update_symbol_tiers.TestPolyglotSupport" name="test_javascript_patcher_creation" time="0.000" /><testcase classname="tests.integration.test_update_symbol_tiers.TestPolyglotSupport" name="test_typescript_patcher_creation" time="0.000" /><testcase classname="tests.integration.test_update_symbol_tiers.TestPolyglotSupport" name="test_java_patcher_creation" time="0.000" /><testcase classname="tests.integration.test_update_symbol_tiers.TestJavaScriptUpdate" name="test_update_js_function" time="0.001" /><testcase classname="tests.integration.test_update_symbol_tiers.TestJavaScriptUpdate" name="test_update_js_arrow_function" time="0.000" /><testcase classname="tests.integration.test_update_symbol_tiers.TestTypeScriptUpdate" name="test_update_ts_function_with_types" time="0.000" /><testcase classname="tests.integration.test_update_symbol_tiers.TestJavaUpdate" name="test_update_java_method" time="0.001" /><testcase classname="tests.integration.test_update_symbol_tiers.TestTierCapabilities" name="test_community_tier_has_basic_replacement" time="0.005" /><testcase classname="tests.integration.test_update_symbol_tiers.TestTierCapabilities" name="test_community_tier_has_session_limit" time="0.005" /><testcase classname="tests.integration.test_update_symbol_tiers.TestTierCapabilities" name="test_pro_tier_is_unlimited" time="0.004" /><testcase classname="tests.integration.test_update_symbol_tiers.TestTierCapabilities" name="test_pro_tier_has_hooks" time="0.005" /><testcase classname="tests.integration.test_update_symbol_tiers.TestTierCapabilities" name="test_enterprise_tier_has_audit_trail" time="0.005" /><testcase classname="tests.integration.test_update_symbol_tiers.TestTierCapabilities" name="test_enterprise_tier_has_compliance" time="0.005" /><testcase classname="tests.integration.test_update_symbol_tiers.TestTierCapabilities" name="test_enterprise_tier_has_approval" time="0.005" /><testcase classname="tests.integration.test_update_symbol_tiers.TestLimitsTomlIntegration" name="test_limits_toml_community_tier" time="0.004" /><testcase classname="tests.integration.test_update_symbol_tiers.TestLimitsTomlIntegration" name="test_limits_toml_pro_tier" time="0.005" /></testsuite></testsuites>